[debug] [2020-09-12T11:03:53.936Z] ----------------------------------------------------------------------
[debug] [2020-09-12T11:03:53.942Z] Command:       C:\Program Files\nodejs\node.exe C:\Users\Alnoor\AppData\Roaming\npm\node_modules\firebase-tools\lib\bin\firebase.js deploy
[debug] [2020-09-12T11:03:53.942Z] CLI Version:   8.9.2
[debug] [2020-09-12T11:03:53.942Z] Platform:      win32
[debug] [2020-09-12T11:03:53.943Z] Node Version:  v12.18.3
[debug] [2020-09-12T11:03:54.005Z] Time:          Sat Sep 12 2020 19:03:53 GMT+0800 (Taipei Standard Time)
[debug] [2020-09-12T11:03:54.006Z] ----------------------------------------------------------------------
[debug] [2020-09-12T11:03:54.006Z] 
[debug] [2020-09-12T11:03:54.088Z] > command requires scopes: ["email","openid","https://www.googleapis.com/auth/cloudplatformprojects.readonly","https://www.googleapis.com/auth/firebase","https://www.googleapis.com/auth/cloud-platform"]
[debug] [2020-09-12T11:03:54.090Z] > authorizing via signed-in user
[debug] [2020-09-12T11:03:54.091Z] [iam] checking project edtosoy-portfolio for permissions ["firebase.projects.get","firebasehosting.sites.update"]
[debug] [2020-09-12T11:03:54.097Z] > refreshing access token with scopes: ["email","https://www.googleapis.com/auth/cloud-platform","https://www.googleapis.com/auth/cloudplatformprojects.readonly","https://www.googleapis.com/auth/firebase","openid"]
[debug] [2020-09-12T11:03:54.098Z] >>> HTTP REQUEST POST https://www.googleapis.com/oauth2/v3/token  
 <request body omitted>
[debug] [2020-09-12T11:04:06.147Z] [iam] error while checking permissions, command may fail: FirebaseError: Authentication Error: Your credentials are no longer valid. Please run firebase login --reauth

For CI servers and headless environments, generate a new token with firebase login:ci
[debug] [2020-09-12T11:04:06.149Z] > refreshing access token with scopes: ["email","https://www.googleapis.com/auth/cloud-platform","https://www.googleapis.com/auth/cloudplatformprojects.readonly","https://www.googleapis.com/auth/firebase","openid"]
[debug] [2020-09-12T11:04:06.149Z] >>> HTTP REQUEST POST https://www.googleapis.com/oauth2/v3/token  
 <request body omitted>
[debug] [2020-09-12T11:04:18.155Z] Authentication Error: Your credentials are no longer valid. Please run firebase login --reauth

For CI servers and headless environments, generate a new token with firebase login:ci
[debug] [2020-09-12T11:04:43.203Z] FirebaseError: Authentication Error: Your credentials are no longer valid. Please run firebase login --reauth

For CI servers and headless environments, generate a new token with firebase login:ci
    at Object.<anonymous> (C:\Users\Alnoor\AppData\Roaming\npm\node_modules\firebase-tools\lib\auth.js:23:32)
    at Module._compile (internal/modules/cjs/loader.js:1137:30)
    at Object.Module._extensions..js (internal/modules/cjs/loader.js:1157:10)
    at Module.load (internal/modules/cjs/loader.js:985:32)
    at Function.Module._load (internal/modules/cjs/loader.js:878:14)
    at Module.require (internal/modules/cjs/loader.js:1025:19)
    at require (internal/modules/cjs/helpers.js:72:18)
    at Object.<anonymous> (C:\Users\Alnoor\AppData\Roaming\npm\node_modules\firebase-tools\lib\commands\login.js:20:14)
    at Module._compile (internal/modules/cjs/loader.js:1137:30)
    at Object.Module._extensions..js (internal/modules/cjs/loader.js:1157:10)
    at Module.load (internal/modules/cjs/loader.js:985:32)
    at Function.Module._load (internal/modules/cjs/loader.js:878:14)
    at Module.require (internal/modules/cjs/loader.js:1025:19)
    at require (internal/modules/cjs/helpers.js:72:18)
    at loadCommand (C:\Users\Alnoor\AppData\Roaming\npm\node_modules\firebase-tools\lib\commands\index.js:5:19)
    at module.exports (C:\Users\Alnoor\AppData\Roaming\npm\node_modules\firebase-tools\lib\commands\index.js:89:20)
[error] 
[error] Error: Failed to get Firebase project edtosoy-portfolio. Please make sure the project exists and your account has permission to access it.
[debug] [2020-09-12T11:38:45.670Z] ----------------------------------------------------------------------
[debug] [2020-09-12T11:38:45.677Z] Command:       C:\Program Files\nodejs\node.exe C:\Users\Alnoor\AppData\Roaming\npm\node_modules\firebase-tools\lib\bin\firebase.js deploy
[debug] [2020-09-12T11:38:45.678Z] CLI Version:   8.9.2
[debug] [2020-09-12T11:38:45.679Z] Platform:      win32
[debug] [2020-09-12T11:38:45.679Z] Node Version:  v12.18.3
[debug] [2020-09-12T11:38:45.680Z] Time:          Sat Sep 12 2020 19:38:45 GMT+0800 (Taipei Standard Time)
[debug] [2020-09-12T11:38:45.681Z] ----------------------------------------------------------------------
[debug] [2020-09-12T11:38:45.681Z] 
[debug] [2020-09-12T11:38:45.706Z] > command requires scopes: ["email","openid","https://www.googleapis.com/auth/cloudplatformprojects.readonly","https://www.googleapis.com/auth/firebase","https://www.googleapis.com/auth/cloud-platform"]
[debug] [2020-09-12T11:38:45.708Z] > authorizing via signed-in user
[debug] [2020-09-12T11:38:45.709Z] [iam] checking project edtosoy-portfolio for permissions ["firebase.projects.get","firebasehosting.sites.update"]
[debug] [2020-09-12T11:38:45.717Z] > refreshing access token with scopes: ["email","https://www.googleapis.com/auth/cloud-platform","https://www.googleapis.com/auth/cloudplatformprojects.readonly","https://www.googleapis.com/auth/firebase","openid"]
[debug] [2020-09-12T11:38:45.719Z] >>> HTTP REQUEST POST https://www.googleapis.com/oauth2/v3/token  
 <request body omitted>
